<?xml version="1.0" encoding="UTF-8"?>
<!-- Generated by org.testng.reporters.JUnitXMLReporter -->
<testsuite hostname="Sudhir-PC" name="Command line test" tests="3" failures="0" timestamp="18 Jun 2016 03:40:01 GMT" time="9.833" errors="0">
  <testcase name="testHTTPGet" time="1.361" classname="com.org.TestHttpBin"/>
  <testcase name="testHTTPPost" time="6.554" classname="com.org.TestHttpBin"/>
  <testcase name="testMimeType" time="0.184" classname="com.org.TestHttpBin"/>
</testsuite> <!-- Command line test -->
